0 info it worked if it ends with ok
1 verbose cli [ 'C:\\Program Files\\nodejs\\node.exe',
1 verbose cli   'C:\\Program Files\\nodejs\\node_modules\\npm\\bin\\npm-cli.js',
1 verbose cli   'run',
1 verbose cli   'start',
1 verbose cli   '--scripts-prepend-node-path=auto' ]
2 info using npm@3.10.10
3 info using node@v6.12.3
4 verbose run-script [ 'prestart', 'start', 'poststart' ]
5 info lifecycle scanner3d@0.0.1~prestart: scanner3d@0.0.1
6 silly lifecycle scanner3d@0.0.1~prestart: no script for prestart, continuing
7 info lifecycle scanner3d@0.0.1~start: scanner3d@0.0.1
8 verbose lifecycle scanner3d@0.0.1~start: unsafe-perm in lifecycle true
9 verbose lifecycle scanner3d@0.0.1~start: PATH: C:\Users\omakarov\AppData\Roaming\nvm\v6.12.3\node_modules\npm\bin\node-gyp-bin;D:\projects\scanner3D\node_modules\.bin;C:\Program Files (x86)\Intel\iCLS Client\;C:\Program Files\Intel\iCLS Client\;C:\ProgramData\Oracle\Java\javapath;C:\Windows\system32;C:\Windows;C:\Windows\System32\Wbem;C:\Windows\System32\WindowsPowerShell\v1.0;C:\Program Files (x86)\SmartGit\git\bin;C:\Program Files (x86)\OpenSSH\bin;C:\Users\omakarov\AppData\Roaming\npm;C:\Program Files\dotnet\;C:\Program Files\Microsoft SQL Server\110\Tools\Binn;C:\Program Files (x86)\Skype\Phone\;C:\Program Files (x86)\Intel\Intel(R) Management Engine Components\DAL;C:\Program Files\Intel\Intel(R) Management Engine Components\DAL;C:\Program Files (x86)\Intel\Intel(R) Management Engine Components\IPT;C:\Program Files\Intel\Intel(R) Management Engine Components\IPT;D:\sonar-scanner-3.0.3.778-windows\bin;C:\Program Files\Microsoft SQL Server\130\Tools\Binn\;C:\Users\omakarov\AppData\Roaming\nvm;C:\Program Files\nodejs;C:\WINDOWS\system32;C:\WINDOWS;C:\WINDOWS\System32\Wbem;C:\WINDOWS\System32\WindowsPowerShell\v1.0\;C:\Program Files\Microsoft SDKs\Service Fabric\Tools\ServiceFabricLocalClusterManager;C:\Users\omakarov\.dnx\bin;C:\Users\omakarov\AppData\Local\Microsoft\WindowsApps;C:\Users\omakarov\AppData\Roaming\npm;C:\Users\omakarov\AppData\Local\Programs\Fiddler;C:\Program Files\Microsoft VS Code\bin;C:\Users\omakarov\AppData\Roaming\nvm;C:\Program Files\nodejs;C:\Users\omakarov\AppData\Local\Microsoft\WindowsApps;C:\OpenSSL-Win64\bin;
10 verbose lifecycle scanner3d@0.0.1~start: CWD: D:\projects\scanner3D
11 silly lifecycle scanner3d@0.0.1~start: Args: [ '/d /s /c', 'node index.js' ]
12 silly lifecycle scanner3d@0.0.1~start: Returned: code: 1  signal: null
13 info lifecycle scanner3d@0.0.1~start: Failed to exec start script
14 verbose stack Error: scanner3d@0.0.1 start: `node index.js`
14 verbose stack Exit status 1
14 verbose stack     at EventEmitter.<anonymous> (C:\Users\omakarov\AppData\Roaming\nvm\v6.12.3\node_modules\npm\lib\utils\lifecycle.js:255:16)
14 verbose stack     at emitTwo (events.js:106:13)
14 verbose stack     at EventEmitter.emit (events.js:191:7)
14 verbose stack     at ChildProcess.<anonymous> (C:\Users\omakarov\AppData\Roaming\nvm\v6.12.3\node_modules\npm\lib\utils\spawn.js:40:14)
14 verbose stack     at emitTwo (events.js:106:13)
14 verbose stack     at ChildProcess.emit (events.js:191:7)
14 verbose stack     at maybeClose (internal/child_process.js:920:16)
14 verbose stack     at Process.ChildProcess._handle.onexit (internal/child_process.js:230:5)
15 verbose pkgid scanner3d@0.0.1
16 verbose cwd D:\projects\scanner3D
17 error Windows_NT 10.0.16299
18 error argv "C:\\Program Files\\nodejs\\node.exe" "C:\\Program Files\\nodejs\\node_modules\\npm\\bin\\npm-cli.js" "run" "start" "--scripts-prepend-node-path=auto"
19 error node v6.12.3
20 error npm  v3.10.10
21 error code ELIFECYCLE
22 error scanner3d@0.0.1 start: `node index.js`
22 error Exit status 1
23 error Failed at the scanner3d@0.0.1 start script 'node index.js'.
23 error Make sure you have the latest version of node.js and npm installed.
23 error If you do, this is most likely a problem with the scanner3d package,
23 error not with npm itself.
23 error Tell the author that this fails on your system:
23 error     node index.js
23 error You can get information on how to open an issue for this project with:
23 error     npm bugs scanner3d
23 error Or if that isn't available, you can get their info via:
23 error     npm owner ls scanner3d
23 error There is likely additional logging output above.
24 verbose exit [ 1, true ]
